<?xml version="1.0" encoding="UTF-8"?>
<testng-results ignored="0" total="1" passed="0" failed="1" skipped="0">
  <reporter-output>
  </reporter-output>
  <suite started-at="2022-08-09T19:57:12 GMT-04:00" name="Default suite" finished-at="2022-08-09T19:57:25 GMT-04:00" duration-ms="13247">
    <groups>
      <group name="cucumber">
        <method signature="AbstractTestNGCucumberTests.runScenario(io.cucumber.testng.PickleWrapper,io.cucumber.testng.FeatureWrapper)[pri:0, instance:com.runner.TestRunner@74d1dc36]" name="runScenario" class="io.cucumber.testng.AbstractTestNGCucumberTests"/>
      </group> <!-- cucumber -->
    </groups>
    <test started-at="2022-08-09T19:57:12 GMT-04:00" name="Default test" finished-at="2022-08-09T19:57:25 GMT-04:00" duration-ms="13247">
      <class name="com.runner.TestRunner">
        <test-method is-config="true" signature="setUpClass(org.testng.ITestContext)[pri:0, instance:com.runner.TestRunner@74d1dc36]" started-at="2022-08-09T19:57:12 GMT-04:00" name="setUpClass" finished-at="2022-08-09T19:57:12 GMT-04:00" duration-ms="525" status="PASS">
          <params>
            <param index="0">
              <value>
                <![CDATA[org.testng.TestRunner@3c3c4a71]]>
              </value>
            </param>
          </params>
          <reporter-output>
          </reporter-output>
        </test-method> <!-- setUpClass -->
        <test-method signature="runScenario(io.cucumber.testng.PickleWrapper,io.cucumber.testng.FeatureWrapper)[pri:0, instance:com.runner.TestRunner@74d1dc36]" started-at="2022-08-09T19:57:12 GMT-04:00" name="runScenario" description="Runs Cucumber Scenarios" data-provider="scenarios" finished-at="2022-08-09T19:57:25 GMT-04:00" duration-ms="12542" status="FAIL">
          <params>
            <param index="0">
              <value>
                <![CDATA["Validation of configuration drop down"]]>
              </value>
            </param>
            <param index="1">
              <value>
                <![CDATA["Validation of drop down fucntionality"]]>
              </value>
            </param>
          </params>
          <exception class="io.cucumber.java.PendingException">
            <message>
              <![CDATA[TODO: implement me]]>
            </message>
            <full-stacktrace>
              <![CDATA[io.cucumber.java.PendingException: TODO: implement me
at com.stepdefinition.StepDefinition.user_should_able_to_select_required_option_from_configuration_drop_down(StepDefinition.java:20)
at ✽.User should able to select required option from configuration drop down(file:///C:/Users/Asus/eclipse-workspace/TestAutomation/src/test/resources/Features/samplefeature2.feature:10)
]]>
            </full-stacktrace>
          </exception> <!-- io.cucumber.java.PendingException -->
          <reporter-output>
          </reporter-output>
        </test-method> <!-- runScenario -->
        <test-method is-config="true" signature="tearDownClass()[pri:0, instance:com.runner.TestRunner@74d1dc36]" started-at="2022-08-09T19:57:25 GMT-04:00" name="tearDownClass" finished-at="2022-08-09T19:57:25 GMT-04:00" duration-ms="52" status="PASS">
          <reporter-output>
          </reporter-output>
        </test-method> <!-- tearDownClass -->
      </class> <!-- com.runner.TestRunner -->
    </test> <!-- Default test -->
  </suite> <!-- Default suite -->
</testng-results>
